<?xml version="1.0" encoding="UTF-8"?>
<testng-results skipped="0" failed="0" total="1" passed="1">
  <reporter-output>
  </reporter-output>
  <suite name="SanitySuite" duration-ms="29907" started-at="2021-01-08T17:22:43Z" finished-at="2021-01-08T17:23:13Z">
    <groups>
      <group name="cucumber">
        <method signature="AbstractTestNGCucumberTests.feature(cucumber.api.testng.CucumberFeatureWrapper)[pri:0, instance:Runnerfile.RunnerFileSanity@1df82230]" name="feature" class="cucumber.api.testng.AbstractTestNGCucumberTests"/>
      </group> <!-- cucumber -->
    </groups>
    <test name="Sanity" duration-ms="29907" started-at="2021-01-08T17:22:43Z" finished-at="2021-01-08T17:23:13Z">
      <class name="Runnerfile.RunnerFileSanity">
        <test-method status="PASS" signature="setUpClass()[pri:0, instance:Runnerfile.RunnerFileSanity@1df82230]" name="setUpClass" is-config="true" duration-ms="231" started-at="2021-01-08T11:22:43Z" finished-at="2021-01-08T11:22:43Z">
          <reporter-output>
          </reporter-output>
        </test-method> <!-- setUpClass -->
        <test-method status="PASS" signature="feature(cucumber.api.testng.CucumberFeatureWrapper)[pri:0, instance:Runnerfile.RunnerFileSanity@1df82230]" name="feature" duration-ms="29461" started-at="2021-01-08T11:22:43Z" description="Runs Cucumber Feature" data-provider="features" finished-at="2021-01-08T11:23:13Z">
          <params>
            <param index="0">
              <value>
                <![CDATA[Zoopla Application]]>
              </value>
            </param>
          </params>
          <reporter-output>
          </reporter-output>
        </test-method> <!-- feature -->
        <test-method status="PASS" signature="tearDownClass()[pri:0, instance:Runnerfile.RunnerFileSanity@1df82230]" name="tearDownClass" is-config="true" duration-ms="107" started-at="2021-01-08T11:23:13Z" finished-at="2021-01-08T11:23:13Z">
          <reporter-output>
          </reporter-output>
        </test-method> <!-- tearDownClass -->
      </class> <!-- Runnerfile.RunnerFileSanity -->
    </test> <!-- Sanity -->
  </suite> <!-- SanitySuite -->
</testng-results>
